-------------------------------------------------------------------------------
Test set: HomePageTest
-------------------------------------------------------------------------------
Tests run: 14, Failures: 4, Errors: 0, Skipped: 0, Time elapsed: 108.2 s <<< FAILURE! -- in HomePageTest
HomePageTest.contactUsFormInvalid -- Time elapsed: 17.17 s <<< FAILURE!
org.opentest4j.AssertionFailedError: 
Locator expected to be visible
Error: element(s) not found
Call log:
  - Assert "isVisible" with timeout 5000ms
  - waiting for getByText("Форма отправлена успешно")
	at com.microsoft.playwright.impl.AssertionsBase.expectImpl(AssertionsBase.java:69)
	at com.microsoft.playwright.impl.AssertionsBase.expectImpl(AssertionsBase.java:47)
	at com.microsoft.playwright.impl.LocatorAssertionsImpl.expectTrue(LocatorAssertionsImpl.java:471)
	at com.microsoft.playwright.impl.LocatorAssertionsImpl.isVisible(LocatorAssertionsImpl.java:466)
	at com.microsoft.playwright.assertions.LocatorAssertions.isVisible(LocatorAssertions.java:845)
	at HomePageTest.contactUsFormInvalid(HomePageTest.java:164)

HomePageTest.newsSubscriptionInvalidEmail -- Time elapsed: 7.891 s <<< FAILURE!
org.opentest4j.AssertionFailedError: 
Locator expected to be visible
Error: element(s) not found
Call log:
  - Assert "isVisible" with timeout 5000ms
  - waiting for locator(".t-form__errorbox-item:has-text('Укажите, пожалуйста, корректный email')")
	at com.microsoft.playwright.impl.AssertionsBase.expectImpl(AssertionsBase.java:69)
	at com.microsoft.playwright.impl.AssertionsBase.expectImpl(AssertionsBase.java:47)
	at com.microsoft.playwright.impl.LocatorAssertionsImpl.expectTrue(LocatorAssertionsImpl.java:471)
	at com.microsoft.playwright.impl.LocatorAssertionsImpl.isVisible(LocatorAssertionsImpl.java:466)
	at com.microsoft.playwright.assertions.LocatorAssertions.isVisible(LocatorAssertions.java:845)
	at HomePageTest.newsSubscriptionInvalidEmail(HomePageTest.java:285)

HomePageTest.menuTest -- Time elapsed: 7.772 s <<< FAILURE!
org.opentest4j.AssertionFailedError: 
Locator expected to be visible
Error: element(s) not found
Call log:
  - Assert "isVisible" with timeout 5000ms
  - waiting for locator("a[href='#submenu:news']")
	at com.microsoft.playwright.impl.AssertionsBase.expectImpl(AssertionsBase.java:69)
	at com.microsoft.playwright.impl.AssertionsBase.expectImpl(AssertionsBase.java:47)
	at com.microsoft.playwright.impl.LocatorAssertionsImpl.expectTrue(LocatorAssertionsImpl.java:471)
	at com.microsoft.playwright.impl.LocatorAssertionsImpl.isVisible(LocatorAssertionsImpl.java:466)
	at com.microsoft.playwright.assertions.LocatorAssertions.isVisible(LocatorAssertions.java:845)
	at HomePageTest.menuTest(HomePageTest.java:95)

HomePageTest.searchEmptyQuery -- Time elapsed: 7.903 s <<< FAILURE!
org.opentest4j.AssertionFailedError: 
Locator expected to be visible
Error: element(s) not found
Call log:
  - Assert "isVisible" with timeout 5000ms
  - waiting for getByText("Ничего не найдено")
	at com.microsoft.playwright.impl.AssertionsBase.expectImpl(AssertionsBase.java:69)
	at com.microsoft.playwright.impl.AssertionsBase.expectImpl(AssertionsBase.java:47)
	at com.microsoft.playwright.impl.LocatorAssertionsImpl.expectTrue(LocatorAssertionsImpl.java:471)
	at com.microsoft.playwright.impl.LocatorAssertionsImpl.isVisible(LocatorAssertionsImpl.java:466)
	at com.microsoft.playwright.assertions.LocatorAssertions.isVisible(LocatorAssertions.java:845)
	at HomePageTest.searchEmptyQuery(HomePageTest.java:190)

