<?xml version="1.0" encoding="UTF-8"?>
<testsuite xmlns:xsi="http://www.w3.org/2001/XMLSchema-instance" xsi:noNamespaceSchemaLocation="https://maven.apache.org/surefire/maven-surefire-plugin/xsd/surefire-test-report-3.0.xsd" version="3.0" name="HomePageTest" time="108.152" tests="14" errors="0" skipped="0" failures="4">
  <properties>
[...]
</properties>
  <testcase name="newsSubscriptionValidEmail" classname="HomePageTest" time="32.797"/>
  <testcase name="discussTheProjectVisibility" classname="HomePageTest" time="4.947"/>
  <testcase name="contactUsFormInvalid" classname="HomePageTest" time="17.166">
    <failure message="Locator expected to be visible&#10;Error: element(s) not found&#10;Call log:&#10;  - Assert &quot;isVisible&quot; with timeout 5000ms&#10;  - waiting for getByText(&quot;Форма отправлена успешно&quot;)" type="org.opentest4j.AssertionFailedError"><![CDATA[org.opentest4j.AssertionFailedError: 
Locator expected to be visible
Error: element(s) not found
Call log:
  - Assert "isVisible" with timeout 5000ms
  - waiting for getByText("Форма отправлена успешно")
	at com.microsoft.playwright.impl.AssertionsBase.expectImpl(AssertionsBase.java:69)
	at com.microsoft.playwright.impl.AssertionsBase.expectImpl(AssertionsBase.java:47)
	at com.microsoft.playwright.impl.LocatorAssertionsImpl.expectTrue(LocatorAssertionsImpl.java:471)
	at com.microsoft.playwright.impl.LocatorAssertionsImpl.isVisible(LocatorAssertionsImpl.java:466)
	at com.microsoft.playwright.assertions.LocatorAssertions.isVisible(LocatorAssertions.java:845)
	at HomePageTest.contactUsFormInvalid(HomePageTest.java:164)
]]></failure>
  </testcase>
  <testcase name="technologySectionButtons" classname="HomePageTest" time="2.757"/>
  <testcase name="newsSubscriptionInvalidEmail" classname="HomePageTest" time="7.891">
    <failure message="Locator expected to be visible&#10;Error: element(s) not found&#10;Call log:&#10;  - Assert &quot;isVisible&quot; with timeout 5000ms&#10;  - waiting for locator(&quot;.t-form__errorbox-item:has-text(&apos;Укажите, пожалуйста, корректный email&apos;)&quot;)" type="org.opentest4j.AssertionFailedError"><![CDATA[org.opentest4j.AssertionFailedError: 
Locator expected to be visible
Error: element(s) not found
Call log:
  - Assert "isVisible" with timeout 5000ms
  - waiting for locator(".t-form__errorbox-item:has-text('Укажите, пожалуйста, корректный email')")
	at com.microsoft.playwright.impl.AssertionsBase.expectImpl(AssertionsBase.java:69)
	at com.microsoft.playwright.impl.AssertionsBase.expectImpl(AssertionsBase.java:47)
	at com.microsoft.playwright.impl.LocatorAssertionsImpl.expectTrue(LocatorAssertionsImpl.java:471)
	at com.microsoft.playwright.impl.LocatorAssertionsImpl.isVisible(LocatorAssertionsImpl.java:466)
	at com.microsoft.playwright.assertions.LocatorAssertions.isVisible(LocatorAssertions.java:845)
	at HomePageTest.newsSubscriptionInvalidEmail(HomePageTest.java:285)
]]></failure>
  </testcase>
  <testcase name="menuTest" classname="HomePageTest" time="7.772">
    <failure message="Locator expected to be visible&#10;Error: element(s) not found&#10;Call log:&#10;  - Assert &quot;isVisible&quot; with timeout 5000ms&#10;  - waiting for locator(&quot;a[href=&apos;#submenu:news&apos;]&quot;)" type="org.opentest4j.AssertionFailedError"><![CDATA[org.opentest4j.AssertionFailedError: 
Locator expected to be visible
Error: element(s) not found
Call log:
  - Assert "isVisible" with timeout 5000ms
  - waiting for locator("a[href='#submenu:news']")
	at com.microsoft.playwright.impl.AssertionsBase.expectImpl(AssertionsBase.java:69)
	at com.microsoft.playwright.impl.AssertionsBase.expectImpl(AssertionsBase.java:47)
	at com.microsoft.playwright.impl.LocatorAssertionsImpl.expectTrue(LocatorAssertionsImpl.java:471)
	at com.microsoft.playwright.impl.LocatorAssertionsImpl.isVisible(LocatorAssertionsImpl.java:466)
	at com.microsoft.playwright.assertions.LocatorAssertions.isVisible(LocatorAssertions.java:845)
	at HomePageTest.menuTest(HomePageTest.java:95)
]]></failure>
  </testcase>
  <testcase name="controlMonitoringButton" classname="HomePageTest" time="2.489"/>
  <testcase name="contactAnExpertVisibility" classname="HomePageTest" time="4.781"/>
  <testcase name="contactUsFormValid" classname="HomePageTest" time="8.188"/>
  <testcase name="pageLoadTest" classname="HomePageTest" time="2.465"/>
  <testcase name="aiPoweredSearchButton" classname="HomePageTest" time="2.505"/>
  <testcase name="searchEmptyQuery" classname="HomePageTest" time="7.903">
    <failure message="Locator expected to be visible&#10;Error: element(s) not found&#10;Call log:&#10;  - Assert &quot;isVisible&quot; with timeout 5000ms&#10;  - waiting for getByText(&quot;Ничего не найдено&quot;)" type="org.opentest4j.AssertionFailedError"><![CDATA[org.opentest4j.AssertionFailedError: 
Locator expected to be visible
Error: element(s) not found
Call log:
  - Assert "isVisible" with timeout 5000ms
  - waiting for getByText("Ничего не найдено")
	at com.microsoft.playwright.impl.AssertionsBase.expectImpl(AssertionsBase.java:69)
	at com.microsoft.playwright.impl.AssertionsBase.expectImpl(AssertionsBase.java:47)
	at com.microsoft.playwright.impl.LocatorAssertionsImpl.expectTrue(LocatorAssertionsImpl.java:471)
	at com.microsoft.playwright.impl.LocatorAssertionsImpl.isVisible(LocatorAssertionsImpl.java:466)
	at com.microsoft.playwright.assertions.LocatorAssertions.isVisible(LocatorAssertions.java:845)
	at HomePageTest.searchEmptyQuery(HomePageTest.java:190)
]]></failure>
  </testcase>
  <testcase name="moreProjectsButton" classname="HomePageTest" time="2.684"/>
  <testcase name="searchExistingQuery" classname="HomePageTest" time="3.802"/>
</testsuite>