<?xml version="1.0" encoding="UTF-8"?>
<testsuite xmlns:xsi="http://www.w3.org/2001/XMLSchema-instance" xsi:noNamespaceSchemaLocation="https://maven.apache.org/surefire/maven-surefire-plugin/xsd/surefire-test-report-3.0.xsd" version="3.0" name="BroadcastMonitoringPageTest" time="16.029" tests="4" errors="0" skipped="0" failures="2">
  <properties>
[...]
</properties>
  <testcase name="pageVisibility" classname="BroadcastMonitoringPageTest" time="2.576"/>
  <testcase name="discussProjectButton" classname="BroadcastMonitoringPageTest" time="2.322"/>
  <testcase name="qligentWebsiteButton" classname="BroadcastMonitoringPageTest" time="3.517">
    <failure message="Locator expected to be visible&#10;Error: strict mode violation: locator(&quot;.descr:has-text(&apos;Вы создаете контент — мы фокусируемся на качестве его доставки&apos;)&quot;) resolved to 2 elements:&#10;    1) &lt;div class=&quot;descr&quot;&gt;Вы создаете контент — мы фокусируемся на качестве…&lt;/div&gt; aka getByText(&quot;Вы создаете контент — мы фокусируемся на качестве его доставки&quot;).nth(1)&#10;    2) &lt;div class=&quot;descr&quot;&gt;Вы создаете контент — мы  фокусируемся на качеств…&lt;/div&gt; aka getByText(&quot;Вы создаете контент — мы фокусируемся на качестве его доставки&quot;).nth(2)&#10;&#10;Call log:&#10;  - Assert &quot;isVisible&quot; with timeout 5000ms&#10;  - waiting for locator(&quot;.descr:has-text(&apos;Вы создаете контент — мы фокусируемся на качестве его доставки&apos;)&quot;)" type="org.opentest4j.AssertionFailedError"><![CDATA[org.opentest4j.AssertionFailedError: 
Locator expected to be visible
Error: strict mode violation: locator(".descr:has-text('Вы создаете контент — мы фокусируемся на качестве его доставки')") resolved to 2 elements:
    1) <div class="descr">Вы создаете контент — мы фокусируемся на качестве…</div> aka getByText("Вы создаете контент — мы фокусируемся на качестве его доставки").nth(1)
    2) <div class="descr">Вы создаете контент — мы  фокусируемся на качеств…</div> aka getByText("Вы создаете контент — мы фокусируемся на качестве его доставки").nth(2)

Call log:
  - Assert "isVisible" with timeout 5000ms
  - waiting for locator(".descr:has-text('Вы создаете контент — мы фокусируемся на качестве его доставки')")
	at com.microsoft.playwright.impl.AssertionsBase.expectImpl(AssertionsBase.java:69)
	at com.microsoft.playwright.impl.AssertionsBase.expectImpl(AssertionsBase.java:47)
	at com.microsoft.playwright.impl.LocatorAssertionsImpl.expectTrue(LocatorAssertionsImpl.java:471)
	at com.microsoft.playwright.impl.LocatorAssertionsImpl.isVisible(LocatorAssertionsImpl.java:466)
	at com.microsoft.playwright.assertions.LocatorAssertions.isVisible(LocatorAssertions.java:845)
	at BroadcastMonitoringPageTest.qligentWebsiteButton(BroadcastMonitoringPageTest.java:88)
]]></failure>
  </testcase>
  <testcase name="selectModelButton" classname="BroadcastMonitoringPageTest" time="7.606">
    <failure message="Locator expected to be visible&#10;Error: element(s) not found&#10;Call log:&#10;  - Assert &quot;isVisible&quot; with timeout 5000ms&#10;  - waiting for locator(&quot;.b24-form:visible&quot;).first().locator(&quot;.b24-form-header-title&quot;)" type="org.opentest4j.AssertionFailedError"><![CDATA[org.opentest4j.AssertionFailedError: 
Locator expected to be visible
Error: element(s) not found
Call log:
  - Assert "isVisible" with timeout 5000ms
  - waiting for locator(".b24-form:visible").first().locator(".b24-form-header-title")
	at com.microsoft.playwright.impl.AssertionsBase.expectImpl(AssertionsBase.java:69)
	at com.microsoft.playwright.impl.AssertionsBase.expectImpl(AssertionsBase.java:47)
	at com.microsoft.playwright.impl.LocatorAssertionsImpl.expectTrue(LocatorAssertionsImpl.java:471)
	at com.microsoft.playwright.impl.LocatorAssertionsImpl.isVisible(LocatorAssertionsImpl.java:466)
	at com.microsoft.playwright.assertions.LocatorAssertions.isVisible(LocatorAssertions.java:845)
	at page.FormValidation.assertVisible(FormValidation.java:20)
	at BroadcastMonitoringPageTest.selectModelButton(BroadcastMonitoringPageTest.java:98)
]]></failure>
  </testcase>
</testsuite>