<?xml version="1.0" encoding="UTF-8"?>
<testsuite xmlns:xsi="http://www.w3.org/2001/XMLSchema-instance" xsi:noNamespaceSchemaLocation="https://maven.apache.org/surefire/maven-surefire-plugin/xsd/surefire-test-report-3.0.xsd" version="3.0" name="CareerTecomPageTest" time="49.722" tests="7" errors="0" skipped="0" failures="1">
  <properties>
[...]
</properties>
  <testcase name="contentManagerVacancyButton" classname="CareerTecomPageTest" time="7.651"/>
  <testcase name="toVacanciesButton" classname="CareerTecomPageTest" time="2.555"/>
  <testcase name="workAtTekomFormInvalidData" classname="CareerTecomPageTest" time="7.087">
    <failure message="Locator expected to be visible&#10;Error: strict mode violation: locator(&quot;button.t-submit[type=&apos;submit&apos;]&quot;) resolved to 3 elements:&#10;    1) &lt;button type=&quot;submit&quot; class=&quot;t-submit&quot;&gt;Отправить&lt;/button&gt; aka getByRole(AriaRole.BUTTON, new Page.GetByRoleOptions().setName(&quot;Отправить&quot;))&#10;    2) &lt;button type=&quot;submit&quot; class=&quot;t-submit&quot;&gt;&lt;/button&gt; aka getByRole(AriaRole.BUTTON).filter(new Locator.FilterOptions().setHasText(Pattern.compile(&quot;^$&quot;))).first()&#10;    3) &lt;button type=&quot;submit&quot; class=&quot;t-submit&quot;&gt;&lt;/button&gt; aka getByRole(AriaRole.BUTTON).filter(new Locator.FilterOptions().setHasText(Pattern.compile(&quot;^$&quot;))).nth(1)&#10;&#10;Call log:&#10;  - Assert &quot;isVisible&quot; with timeout 5000ms&#10;  - waiting for locator(&quot;button.t-submit[type=&apos;submit&apos;]&quot;)" type="org.opentest4j.AssertionFailedError"><![CDATA[org.opentest4j.AssertionFailedError: 
Locator expected to be visible
Error: strict mode violation: locator("button.t-submit[type='submit']") resolved to 3 elements:
    1) <button type="submit" class="t-submit">Отправить</button> aka getByRole(AriaRole.BUTTON, new Page.GetByRoleOptions().setName("Отправить"))
    2) <button type="submit" class="t-submit"></button> aka getByRole(AriaRole.BUTTON).filter(new Locator.FilterOptions().setHasText(Pattern.compile("^$"))).first()
    3) <button type="submit" class="t-submit"></button> aka getByRole(AriaRole.BUTTON).filter(new Locator.FilterOptions().setHasText(Pattern.compile("^$"))).nth(1)

Call log:
  - Assert "isVisible" with timeout 5000ms
  - waiting for locator("button.t-submit[type='submit']")
	at com.microsoft.playwright.impl.AssertionsBase.expectImpl(AssertionsBase.java:69)
	at com.microsoft.playwright.impl.AssertionsBase.expectImpl(AssertionsBase.java:47)
	at com.microsoft.playwright.impl.LocatorAssertionsImpl.expectTrue(LocatorAssertionsImpl.java:471)
	at com.microsoft.playwright.impl.LocatorAssertionsImpl.isVisible(LocatorAssertionsImpl.java:466)
	at com.microsoft.playwright.assertions.LocatorAssertions.isVisible(LocatorAssertions.java:845)
	at CareerTecomPageTest.workAtTekomFormInvalidData(CareerTecomPageTest.java:175)
]]></failure>
  </testcase>
  <testcase name="pageVisibility" classname="CareerTecomPageTest" time="2.667"/>
  <testcase name="workAtTekomFormSuccess" classname="CareerTecomPageTest" time="22.227"/>
  <testcase name="joinTeamButton" classname="CareerTecomPageTest" time="5.233"/>
  <testcase name="writeUsButton" classname="CareerTecomPageTest" time="2.301"/>
</testsuite>